# WPPM package installation log
# 
# Package: pyreadline v2.0

Lib\site-packages\pyreadline
Lib\site-packages\pyreadline-2.0-py3.5.egg-info
Lib\site-packages\readline.py
Lib\site-packages\pyreadline\clipboard
Lib\site-packages\pyreadline\configuration
Lib\site-packages\pyreadline\console
Lib\site-packages\pyreadline\keysyms
Lib\site-packages\pyreadline\lineeditor
Lib\site-packages\pyreadline\modes
Lib\site-packages\pyreadline\test
Lib\site-packages\pyreadline\error.py
Lib\site-packages\pyreadline\get_doc.py
Lib\site-packages\pyreadline\logger.py
Lib\site-packages\pyreadline\logserver.py
Lib\site-packages\pyreadline\py3k_compat.py
Lib\site-packages\pyreadline\release.py
Lib\site-packages\pyreadline\rlmain.py
Lib\site-packages\pyreadline\unicode_helper.py
Lib\site-packages\pyreadline\__init__.py
Lib\site-packages\pyreadline\clipboard\ironpython_clipboard.py
Lib\site-packages\pyreadline\clipboard\no_clipboard.py
Lib\site-packages\pyreadline\clipboard\win32_clipboard.py
Lib\site-packages\pyreadline\clipboard\__init__.py
Lib\site-packages\pyreadline\configuration\pyreadlineconfig.ini
Lib\site-packages\pyreadline\configuration\startup.py
Lib\site-packages\pyreadline\console\ansi.py
Lib\site-packages\pyreadline\console\console.py
Lib\site-packages\pyreadline\console\consolebase.py
Lib\site-packages\pyreadline\console\console_attributes.py
Lib\site-packages\pyreadline\console\event.py
Lib\site-packages\pyreadline\console\ironpython_console.py
Lib\site-packages\pyreadline\console\__init__.py
Lib\site-packages\pyreadline\keysyms\common.py
Lib\site-packages\pyreadline\keysyms\ironpython_keysyms.py
Lib\site-packages\pyreadline\keysyms\keysyms.py
Lib\site-packages\pyreadline\keysyms\winconstants.py
Lib\site-packages\pyreadline\keysyms\__init__.py
Lib\site-packages\pyreadline\lineeditor\history.py
Lib\site-packages\pyreadline\lineeditor\lineobj.py
Lib\site-packages\pyreadline\lineeditor\wordmatcher.py
Lib\site-packages\pyreadline\lineeditor\__init__.py
Lib\site-packages\pyreadline\modes\basemode.py
Lib\site-packages\pyreadline\modes\emacs.py
Lib\site-packages\pyreadline\modes\notemacs.py
Lib\site-packages\pyreadline\modes\vi.py
Lib\site-packages\pyreadline\modes\__init__.py
Lib\site-packages\pyreadline\test\common.py
Lib\site-packages\pyreadline\test\test_emacs.py
Lib\site-packages\pyreadline\test\test_history.py
Lib\site-packages\pyreadline\test\test_lineeditor.py
Lib\site-packages\pyreadline\test\test_vi.py
Lib\site-packages\pyreadline\test\__init__.py