2020-09-14 14:22:41 CST FATAL:  the database system is starting up
2020-09-14 14:22:41 CST LOG:  database system was shut down at 2020-09-14 14:22:10 CST
2020-09-14 14:22:42 CST LOG:  MultiXact member wraparound protections are now enabled
2020-09-14 14:22:42 CST LOG:  database system is ready to accept connections
2020-09-14 14:22:42 CST LOG:  autovacuum launcher started
2020-09-14 14:23:53 CST LOG:  could not receive data from client: An existing connection was forcibly closed by the remote host.
	
2020-09-14 14:23:53 CST LOG:  could not receive data from client: An existing connection was forcibly closed by the remote host.
	
2020-09-14 14:23:53 CST LOG:  could not receive data from client: An existing connection was forcibly closed by the remote host.
	
2020-09-14 14:23:53 CST LOG:  could not receive data from client: An existing connection was forcibly closed by the remote host.
	
2020-09-14 14:26:40 CST LOG:  could not receive data from client: An existing connection was forcibly closed by the remote host.
	
2020-09-14 14:26:40 CST LOG:  could not receive data from client: An existing connection was forcibly closed by the remote host.
	
2020-09-14 14:40:29 CST ERROR:  could not obtain lock on row in relation "ir_cron"
2020-09-14 14:40:29 CST STATEMENT:  SELECT *
	                                       FROM ir_cron
	                                       WHERE numbercall != 0
	                                          AND active
	                                          AND nextcall <= (now() at time zone 'UTC')
	                                          AND id=14
	                                       FOR UPDATE NOWAIT
2020-09-14 14:40:29 CST ERROR:  could not obtain lock on row in relation "ir_cron"
2020-09-14 14:40:29 CST STATEMENT:  SELECT *
	                                       FROM ir_cron
	                                       WHERE numbercall != 0
	                                          AND active
	                                          AND nextcall <= (now() at time zone 'UTC')
	                                          AND id=7
	                                       FOR UPDATE NOWAIT
2020-09-14 14:40:29 CST ERROR:  could not obtain lock on row in relation "ir_cron"
2020-09-14 14:40:29 CST STATEMENT:  SELECT *
	                                       FROM ir_cron
	                                       WHERE numbercall != 0
	                                          AND active
	                                          AND nextcall <= (now() at time zone 'UTC')
	                                          AND id=8
	                                       FOR UPDATE NOWAIT
2020-09-14 14:40:29 CST ERROR:  could not obtain lock on row in relation "ir_cron"
2020-09-14 14:40:29 CST STATEMENT:  SELECT *
	                                       FROM ir_cron
	                                       WHERE numbercall != 0
	                                          AND active
	                                          AND nextcall <= (now() at time zone 'UTC')
	                                          AND id=9
	                                       FOR UPDATE NOWAIT
2020-09-14 14:42:07 CST LOG:  could not receive data from client: An existing connection was forcibly closed by the remote host.
	
2020-09-14 14:42:07 CST LOG:  could not receive data from client: An existing connection was forcibly closed by the remote host.
	
2020-09-14 14:42:07 CST LOG:  could not receive data from client: An existing connection was forcibly closed by the remote host.
	
2020-09-14 14:42:07 CST LOG:  could not receive data from client: An existing connection was forcibly closed by the remote host.
	
2020-09-14 14:42:07 CST LOG:  could not receive data from client: An existing connection was forcibly closed by the remote host.
	
2020-09-14 14:42:07 CST LOG:  could not receive data from client: An existing connection was forcibly closed by the remote host.
	
2020-09-14 14:44:57 CST LOG:  could not receive data from client: An existing connection was forcibly closed by the remote host.
	
2020-09-14 14:44:59 CST LOG:  received fast shutdown request
2020-09-14 14:44:59 CST LOG:  aborting any active transactions
2020-09-14 14:44:59 CST FATAL:  terminating connection due to administrator command
2020-09-14 14:44:59 CST FATAL:  terminating connection due to administrator command
2020-09-14 14:44:59 CST FATAL:  terminating connection due to administrator command
2020-09-14 14:44:59 CST LOG:  autovacuum launcher shutting down
2020-09-14 14:44:59 CST ERROR:  canceling statement due to user request
2020-09-14 14:44:59 CST LOG:  autovacuum launcher shutting down
2020-09-14 14:44:59 CST LOG:  shutting down
2020-09-14 14:45:00 CST LOG:  database system is shut down
