2020-10-12 15:20:21 CST ERROR:  could not obtain lock on row in relation "ir_cron"
2020-10-12 15:20:21 CST STATEMENT:  SELECT *
	                                       FROM ir_cron
	                                       WHERE numbercall != 0
	                                          AND active
	                                          AND nextcall <= (now() at time zone 'UTC')
	                                          AND id=10
	                                       FOR UPDATE NOWAIT
2020-10-12 19:27:16 CST LOG:  received fast shutdown request
2020-10-12 19:27:16 CST LOG:  aborting any active transactions
2020-10-12 19:27:16 CST FATAL:  terminating connection due to administrator command
2020-10-12 19:27:16 CST FATAL:  terminating connection due to administrator command
2020-10-12 19:27:16 CST FATAL:  terminating connection due to administrator command
2020-10-12 19:27:16 CST FATAL:  terminating connection due to administrator command
2020-10-12 19:27:16 CST FATAL:  terminating connection due to administrator command
2020-10-12 19:27:16 CST FATAL:  terminating connection due to administrator command
2020-10-12 19:27:16 CST FATAL:  terminating connection due to administrator command
2020-10-12 19:27:16 CST FATAL:  terminating connection due to administrator command
2020-10-12 19:27:16 CST FATAL:  terminating connection due to administrator command
2020-10-12 19:27:16 CST FATAL:  terminating connection due to administrator command
2020-10-12 19:27:16 CST FATAL:  terminating connection due to administrator command
2020-10-12 19:27:16 CST FATAL:  terminating connection due to administrator command
2020-10-12 19:27:16 CST FATAL:  terminating connection due to administrator command
2020-10-12 19:27:16 CST FATAL:  terminating connection due to administrator command
2020-10-12 19:27:16 CST LOG:  autovacuum launcher shutting down
2020-10-12 19:27:16 CST ERROR:  canceling statement due to user request
2020-10-12 19:27:16 CST LOG:  autovacuum launcher shutting down
2020-10-12 19:27:16 CST LOG:  shutting down
2020-10-12 19:27:16 CST LOG:  database system is shut down
