2020-09-09 16:50:02 CST LOG:  received fast shutdown request
2020-09-09 16:50:02 CST LOG:  aborting any active transactions
2020-09-09 16:50:02 CST FATAL:  terminating connection due to administrator command
2020-09-09 16:50:02 CST FATAL:  terminating connection due to administrator command
2020-09-09 16:50:02 CST FATAL:  terminating connection due to administrator command
2020-09-09 16:50:02 CST FATAL:  terminating connection due to administrator command
2020-09-09 16:50:02 CST FATAL:  terminating connection due to administrator command
2020-09-09 16:50:02 CST FATAL:  terminating connection due to administrator command
2020-09-09 16:50:02 CST FATAL:  terminating connection due to administrator command
2020-09-09 16:50:02 CST FATAL:  terminating connection due to administrator command
2020-09-09 16:50:02 CST FATAL:  terminating connection due to administrator command
2020-09-09 16:50:02 CST FATAL:  terminating connection due to administrator command
2020-09-09 16:50:02 CST FATAL:  terminating connection due to administrator command
2020-09-09 16:50:02 CST FATAL:  terminating connection due to administrator command
2020-09-09 16:50:02 CST FATAL:  terminating connection due to administrator command
2020-09-09 16:50:02 CST LOG:  autovacuum launcher shutting down
2020-09-09 16:50:02 CST ERROR:  canceling statement due to user request
2020-09-09 16:50:02 CST LOG:  autovacuum launcher shutting down
2020-09-09 16:50:02 CST LOG:  shutting down
2020-09-09 16:50:03 CST LOG:  database system is shut down
